<?xml version="1.0" encoding="UTF-8"?>
<!-- Generated by org.testng.reporters.JUnitReportReporter -->
<testsuite hostname="DESKTOP-CSA2B2U" failures="0" tests="1" name="tests.SearchItemTest" time="16.105" errors="0" timestamp="19 Aug 2020 15:49:19 GMT" skipped="0">
  <testcase classname="tests.SearchItemTest" name="searchItem" time="16.105"/>
</testsuite> <!-- tests.SearchItemTest -->
