<?xml version="1.0" encoding="UTF-8"?>
<!-- Generated by org.testng.reporters.JUnitReportReporter -->
<testsuite hostname="DESKTOP-CSA2B2U" failures="0" tests="1" name="tests.AlibabaTest" time="28.939" errors="0" timestamp="21 Sep 2020 01:31:43 GMT" skipped="0">
  <testcase classname="tests.AlibabaTest" name="verifyURL" time="28.939"/>
</testsuite> <!-- tests.AlibabaTest -->
