<?xml version="1.0" encoding="UTF-8"?>
<!-- Generated by org.testng.reporters.JUnitReportReporter -->
<testsuite hostname="DESKTOP-CSA2B2U" failures="0" tests="1" name="tests.SampleTest" time="14.553" errors="0" timestamp="19 Aug 2020 16:40:44 GMT" skipped="0">
  <testcase classname="tests.SampleTest" name="searchItem" time="14.553"/>
</testsuite> <!-- tests.SampleTest -->
